This is pdfTeX, Version 3.1415926-2.5-1.40.14 (MiKTeX 2.9) (preloaded format=pdftex 2016.4.16)  16 APR 2016 11:50
entering extended mode
**C:/Users/Mac/Google*Drive/School/Thesis/Launch*Thesis/Bibliography.bib
("C:/Users/Mac/Google Drive/School/Thesis/Launch Thesis/Bibliography.bib"
Overfull \hbox (20.13484pt too wide) in paragraph at lines 48--58
[]\tenrm @inproceedingsmorris1998shock, title=Shock-induced com-bus-tion in hig
h-speed wedge flows, au-thor=Morris,|

\hbox(6.94444+1.94444)x469.75499, glue set - 1.0
.\hbox(0.0+0.0)x20.0
.\tenrm @
.\tenrm i
.\tenrm n
.\tenrm p
.etc.


Overfull \hbox (25.38493pt too wide) in paragraph at lines 66--74
[]\tenrm @incollectionwilliams2007supersonic, ti-tle=Supersonic cav-ity re-spon
se to open-loop forc-ing, au-thor=Williams,|

\hbox(6.94444+1.94444)x469.75499, glue set - 1.0
.\hbox(0.0+0.0)x20.0
.\tenrm @
.\tenrm i
.\tenrm n
.\tenrm c
.etc.

)
*
! Emergency stop.
<*> ...chool/Thesis/Launch*Thesis/Bibliography.bib
                                                  
End of file on the terminal!

!  ==> Fatal error occurred, no output PDF file produced!
