\BOOKMARK [0][-]{dummy.1}{\376\377\000D\000e\000c\000l\000a\000r\000a\000t\000i\000o\000n\000\040\000o\000f\000\040\000A\000u\000t\000h\000o\000r\000s\000h\000i\000p}{}% 1
\BOOKMARK [0][-]{dummy.2}{\376\377\000A\000b\000s\000t\000r\000a\000c\000t}{}% 2
\BOOKMARK [0][-]{dummy.3}{\376\377\000A\000c\000k\000n\000o\000w\000l\000e\000d\000g\000e\000m\000e\000n\000t\000s}{}% 3
\BOOKMARK [0][-]{dummy.4}{\376\377\000C\000o\000n\000t\000e\000n\000t\000s}{}% 4
\BOOKMARK [0][-]{dummy.6}{\376\377\000L\000i\000s\000t\000\040\000o\000f\000\040\000F\000i\000g\000u\000r\000e\000s}{}% 5
\BOOKMARK [0][-]{dummy.8}{\376\377\000L\000i\000s\000t\000\040\000o\000f\000\040\000T\000a\000b\000l\000e\000s}{}% 6
\BOOKMARK [0][-]{dummy.10}{\376\377\000A\000b\000b\000r\000e\000v\000i\000a\000t\000i\000o\000n\000s}{}% 7
\BOOKMARK [0][-]{dummy.13}{\376\377\000P\000h\000y\000s\000i\000c\000a\000l\000\040\000C\000o\000n\000s\000t\000a\000n\000t\000s}{}% 8
\BOOKMARK [0][-]{dummy.16}{\376\377\000S\000y\000m\000b\000o\000l\000s}{}% 9
\BOOKMARK [0][-]{chapter.19}{\376\377\0001\000\040\000I\000n\000t\000r\000o\000d\000u\000c\000t\000i\000o\000n}{}% 10
\BOOKMARK [1][-]{section.20}{\376\377\0001\000.\0001\000\040\000M\000o\000t\000i\000v\000a\000t\000i\000o\000n}{chapter.19}% 11
\BOOKMARK [2][-]{subsection.21}{\376\377\0001\000.\0001\000.\0001\000\040\000P\000h\000a\000s\000e\000\040\0001}{section.20}% 12
\BOOKMARK [2][-]{subsection.23}{\376\377\0001\000.\0001\000.\0002\000\040\000P\000h\000a\000s\000e\000\040\0002}{section.20}% 13
\BOOKMARK [2][-]{subsection.24}{\376\377\0001\000.\0001\000.\0003\000\040\000P\000h\000a\000s\000e\000\040\0003}{section.20}% 14
\BOOKMARK [0][-]{chapter.27}{\376\377\0002\000\040\000T\000h\000e\000o\000r\000y}{}% 15
\BOOKMARK [1][-]{section.28}{\376\377\0002\000.\0001\000\040\000C\000a\000v\000i\000t\000y\000\040\000F\000l\000a\000m\000e\000-\000h\000o\000l\000d\000i\000n\000g}{chapter.27}% 16
\BOOKMARK [1][-]{section.29}{\376\377\0002\000.\0002\000\040\000C\000a\000v\000i\000t\000y\000\040\000A\000c\000o\000u\000s\000t\000i\000c\000s}{chapter.27}% 17
\BOOKMARK [0][-]{chapter.31}{\376\377\0003\000\040\000E\000x\000p\000e\000r\000i\000m\000e\000n\000t\000a\000l\000\040\000S\000e\000t\000u\000p}{}% 18
\BOOKMARK [1][-]{section.32}{\376\377\0003\000.\0001\000\040\000E\000x\000p\000a\000n\000s\000i\000o\000n\000\040\000T\000u\000b\000e}{chapter.31}% 19
\BOOKMARK [2][-]{subsection.33}{\376\377\0003\000.\0001\000.\0001\000\040\000S\000e\000c\000t\000i\000o\000n\000s}{section.32}% 20
\BOOKMARK [2][-]{subsection.34}{\376\377\0003\000.\0001\000.\0002\000\040\000D\000i\000a\000p\000h\000r\000a\000g\000m\000s}{section.32}% 21
\BOOKMARK [2][-]{subsection.37}{\376\377\0003\000.\0001\000.\0003\000\040\040\042}{section.32}% 22
\BOOKMARK [1][-]{section.38}{\376\377\0003\000.\0002\000\040\000M\000o\000d\000e\000l\000s}{chapter.31}% 23
\BOOKMARK [2][-]{subsection.39}{\376\377\0003\000.\0002\000.\0001\000\040\000D\000e\000s\000i\000g\000n\000\040\000C\000h\000o\000i\000c\000e\000s}{section.38}% 24
\BOOKMARK [2][-]{subsection.40}{\376\377\0003\000.\0002\000.\0002\000\040\000M\000o\000d\000u\000l\000a\000r\000\040\000D\000e\000s\000i\000g\000n}{section.38}% 25
\BOOKMARK [2][-]{subsection.41}{\376\377\0003\000.\0002\000.\0003\000\040\000I\000m\000p\000l\000e\000m\000e\000n\000t\000a\000t\000i\000o\000n}{section.38}% 26
\BOOKMARK [1][-]{section.42}{\376\377\0003\000.\0003\000\040\000H\000i\000g\000h\000\040\000S\000p\000e\000e\000d\000\040\000P\000r\000e\000s\000s\000u\000r\000e\000\040\000T\000r\000a\000n\000s\000d\000u\000c\000e\000r\000s}{chapter.31}% 27
\BOOKMARK [2][-]{subsection.43}{\376\377\0003\000.\0003\000.\0001\000\040\000C\000i\000r\000c\000u\000i\000t}{section.42}% 28
\BOOKMARK [2][-]{subsection.44}{\376\377\0003\000.\0003\000.\0002\000\040\000I\000m\000p\000l\000e\000m\000e\000n\000t\000a\000t\000i\000o\000n\000\040\000a\000n\000d\000\040\000T\000r\000o\000u\000b\000l\000e\000s\000h\000o\000o\000t\000i\000n\000g}{section.42}% 29
\BOOKMARK [1][-]{section.45}{\376\377\0003\000.\0004\000\040\000I\000n\000f\000r\000a\000r\000e\000d\000\040\000S\000e\000n\000s\000o\000r}{chapter.31}% 30
\BOOKMARK [2][-]{subsection.46}{\376\377\0003\000.\0004\000.\0001\000\040\000D\000e\000s\000i\000g\000n\000\040\000o\000f\000\040\000S\000y\000s\000t\000e\000m}{section.45}% 31
\BOOKMARK [2][-]{subsection.47}{\376\377\0003\000.\0004\000.\0002\000\040\000S\000e\000t\000\040\000U\000p}{section.45}% 32
\BOOKMARK [2][-]{subsection.48}{\376\377\0003\000.\0004\000.\0003\000\040\000A\000b\000s\000o\000r\000p\000t\000i\000o\000n}{section.45}% 33
\BOOKMARK [2][-]{subsection.49}{\376\377\0003\000.\0004\000.\0004\000\040\000E\000m\000i\000s\000s\000i\000o\000n}{section.45}% 34
\BOOKMARK [2][-]{subsection.50}{\376\377\0003\000.\0004\000.\0005\000\040\000P\000r\000e\000m\000a\000t\000u\000r\000e\000\040\000I\000g\000n\000i\000t\000i\000o\000n}{section.45}% 35
\BOOKMARK [1][-]{section.51}{\376\377\0003\000.\0005\000\040\000S\000c\000h\000l\000i\000e\000r\000e\000n\000\040\000I\000m\000a\000g\000i\000n\000g}{chapter.31}% 36
\BOOKMARK [0][-]{chapter.60}{\376\377\0004\000\040\000E\000x\000p\000e\000r\000i\000m\000e\000n\000t\000a\000t\000i\000o\000n}{}% 37
\BOOKMARK [1][-]{section.61}{\376\377\0004\000.\0001\000\040\000P\000h\000a\000s\000e\000\040\0001}{chapter.60}% 38
\BOOKMARK [2][-]{subsection.62}{\376\377\0004\000.\0001\000.\0001\000\040\000S\000e\000t\000u\000p\000\040\000a\000n\000d\000\040\000C\000o\000n\000d\000i\000t\000i\000o\000n\000s}{section.61}% 39
\BOOKMARK [1][-]{section.63}{\376\377\0004\000.\0002\000\040\000P\000h\000a\000s\000e\000\040\0002}{chapter.60}% 40
\BOOKMARK [2][-]{subsection.64}{\376\377\0004\000.\0002\000.\0001\000\040\000S\000e\000t\000u\000p\000\040\000a\000n\000d\000\040\000C\000o\000n\000d\000i\000t\000i\000o\000n\000s}{section.63}% 41
\BOOKMARK [0][-]{chapter.65}{\376\377\0005\000\040\000E\000x\000p\000e\000r\000i\000m\000e\000n\000t\000a\000l\000\040\000R\000e\000s\000u\000l\000t\000s}{}% 42
\BOOKMARK [1][-]{section.66}{\376\377\0005\000.\0001\000\040\000P\000h\000a\000s\000e\000\040\0001\000\040\000-\000\040\000N\000o\000n\000-\000C\000o\000m\000b\000u\000s\000t\000i\000n\000g\000\040\000T\000e\000s\000t\000s}{chapter.65}% 43
\BOOKMARK [2][-]{subsection.67}{\376\377\0005\000.\0001\000.\0001\000\040\000S\000c\000h\000l\000i\000e\000r\000e\000n}{section.66}% 44
\BOOKMARK [2][-]{subsection.68}{\376\377\0005\000.\0001\000.\0002\000\040\000I\000R}{section.66}% 45
\BOOKMARK [1][-]{section.69}{\376\377\0005\000.\0002\000\040\000C\000o\000m\000b\000u\000s\000t\000i\000o\000n\000\040\000T\000e\000s\000t\000s}{chapter.65}% 46
\BOOKMARK [2][-]{subsection.70}{\376\377\0005\000.\0002\000.\0001\000\040\000S\000c\000h\000l\000i\000e\000r\000e\000n}{section.69}% 47
\BOOKMARK [2][-]{subsection.71}{\376\377\0005\000.\0002\000.\0002\000\040\000I\000R}{section.69}% 48
\BOOKMARK [0][-]{chapter.72}{\376\377\0006\000\040\000F\000u\000t\000u\000r\000e\000\040\000W\000o\000r\000k}{}% 49
\BOOKMARK [1][-]{section.73}{\376\377\0006\000.\0001\000\040\000P\000h\000a\000s\000e\000\040\0003}{chapter.72}% 50
\BOOKMARK [1][-]{section.74}{\376\377\0006\000.\0002\000\040\000S\000u\000g\000g\000e\000s\000t\000i\000o\000n\000s\000\040\000f\000o\000r\000\040\000O\000t\000h\000e\000r\000\040\000I\000m\000p\000r\000o\000v\000e\000m\000e\000n\000t\000s}{chapter.72}% 51
\BOOKMARK [2][-]{subsection.75}{\376\377\0006\000.\0002\000.\0001\000\040\000P\000r\000e\000s\000s\000u\000r\000e\000\040\000T\000r\000a\000n\000s\000d\000u\000c\000e\000r\000s\000\040\000W\000i\000t\000h\000i\000n\000\040\000C\000a\000v\000i\000t\000y}{section.74}% 52
\BOOKMARK [2][-]{subsection.76}{\376\377\0006\000.\0002\000.\0002\000\040\000F\000u\000e\000l\000\040\000I\000n\000j\000e\000c\000t\000i\000o\000n\000\040\000i\000n\000t\000o\000\040\000C\000a\000v\000i\000t\000i\000e\000s}{section.74}% 53
\BOOKMARK [0][-]{dummy.77}{\376\377\000B\000i\000b\000l\000i\000o\000g\000r\000a\000p\000h\000y}{}% 54
