This is pdfTeXk, Version 3.1415926-1.40.9 (Web2C 7.5.7) (format=pdflatex 2008.12.28)  26 MAY 2015 21:52
entering extended mode
\write18 enabled.
 %&-line parsing enabled.
**Thesis.cls
(./Thesis.cls
LaTeX2e <2005/12/01>
Babel <v3.8l> and hyphenation patterns for english, usenglishmax, dumylang, noh
yphenation, german-x-2008-06-18, ngerman-x-2008-06-18, ancientgreek, ibycus, ar
abic, basque, bulgarian, catalan, pinyin, coptic, croatian, czech, danish, dutc
h, esperanto, estonian, farsi, finnish, french, galician, german, ngerman, mono
greek, greek, hungarian, icelandic, indonesian, interlingua, irish, italian, la
tin, lithuanian, mongolian, mongolian2a, bokmal, nynorsk, polish, portuguese, r
omanian, russian, sanskrit, serbian, slovak, slovenian, spanish, swedish, turki
sh, ukenglish, ukrainian, uppersorbian, welsh, loaded.

LaTeX Warning: You have requested package `',
               but the package provides `Thesis'.

Package: Thesis 2007/22/02 v1.0 LaTeX document class
! Use of \@ doesn't match its definition.
\@checkoptions#1#2-> \edef \@curroptions{\@p
                                            tionlist{\@currname.\@currext}} ...
l.42 \@checkoptions{11pt}{{10pt}{11pt}{12pt}}
                                             
? 
! Emergency stop.
\@checkoptions#1#2-> \edef \@curroptions{\@p
                                            tionlist{\@currname.\@currext}} ...
l.42 \@checkoptions{11pt}{{10pt}{11pt}{12pt}}
                                             
End of file on the terminal!

 
Here is how much of TeX's memory you used:
 9 strings out of 493876
 141 string characters out of 1150567
 48901 words of memory out of 3000000
 3382 multiletter control sequences out of 10000+50000
 3640 words of font info for 14 fonts, out of 3000000 for 5000
 714 hyphenation exceptions out of 8191
 7i,0n,8p,91b,10s stack positions out of 5000i,500n,10000p,200000b,50000s
!  ==> Fatal error occurred, no output PDF file produced!
